{"/home/vader/public_html/goStack/level-05/appgobarber/src/components/Button/index.tsx": {"path":"/home/vader/public_html/goStack/level-05/appgobarber/src/components/Button/index.tsx","statementMap":{"0":{"start":{"line":10,"column":38},"end":{"line":14,"column":1}},"1":{"start":{"line":11,"column":2},"end":{"line":13,"column":14}}},"fnMap":{"0":{"name":"(anonymous_0)","decl":{"start":{"line":10,"column":38},"end":{"line":10,"column":39}},"loc":{"start":{"line":11,"column":2},"end":{"line":13,"column":14}},"line":11}},"branchMap":{},"s":{"0":0,"1":0},"f":{"0":0},"b":{}}
,"/home/vader/public_html/goStack/level-05/appgobarber/src/components/Input/index.tsx": {"path":"/home/vader/public_html/goStack/level-05/appgobarber/src/components/Input/index.tsx","statementMap":{"0":{"start":{"line":28,"column":66},"end":{"line":94,"column":1}},"1":{"start":{"line":32,"column":26},"end":{"line":32,"column":43}},"2":{"start":{"line":34,"column":60},"end":{"line":34,"column":74}},"3":{"start":{"line":35,"column":24},"end":{"line":35,"column":76}},"4":{"start":{"line":37,"column":36},"end":{"line":37,"column":51}},"5":{"start":{"line":38,"column":34},"end":{"line":38,"column":49}},"6":{"start":{"line":40,"column":27},"end":{"line":42,"column":8}},"7":{"start":{"line":41,"column":4},"end":{"line":41,"column":23}},"8":{"start":{"line":44,"column":26},"end":{"line":48,"column":8}},"9":{"start":{"line":45,"column":4},"end":{"line":45,"column":24}},"10":{"start":{"line":47,"column":4},"end":{"line":47,"column":47}},"11":{"start":{"line":50,"column":2},"end":{"line":54,"column":6}},"12":{"start":{"line":50,"column":34},"end":{"line":54,"column":3}},"13":{"start":{"line":52,"column":6},"end":{"line":52,"column":38}},"14":{"start":{"line":56,"column":2},"end":{"line":70,"column":33}},"15":{"start":{"line":57,"column":4},"end":{"line":69,"column":7}},"16":{"start":{"line":62,"column":8},"end":{"line":62,"column":44}},"17":{"start":{"line":63,"column":8},"end":{"line":63,"column":64}},"18":{"start":{"line":66,"column":8},"end":{"line":66,"column":41}},"19":{"start":{"line":67,"column":8},"end":{"line":67,"column":40}},"20":{"start":{"line":72,"column":2},"end":{"line":93,"column":4}},"21":{"start":{"line":88,"column":10},"end":{"line":88,"column":46}}},"fnMap":{"0":{"name":"(anonymous_0)","decl":{"start":{"line":28,"column":66},"end":{"line":28,"column":67}},"loc":{"start":{"line":31,"column":5},"end":{"line":94,"column":1}},"line":31},"1":{"name":"(anonymous_1)","decl":{"start":{"line":40,"column":39},"end":{"line":40,"column":40}},"loc":{"start":{"line":40,"column":45},"end":{"line":42,"column":3}},"line":40},"2":{"name":"(anonymous_2)","decl":{"start":{"line":44,"column":38},"end":{"line":44,"column":39}},"loc":{"start":{"line":44,"column":44},"end":{"line":48,"column":3}},"line":44},"3":{"name":"(anonymous_3)","decl":{"start":{"line":50,"column":27},"end":{"line":50,"column":28}},"loc":{"start":{"line":50,"column":34},"end":{"line":54,"column":3}},"line":50},"4":{"name":"(anonymous_4)","decl":{"start":{"line":51,"column":4},"end":{"line":51,"column":5}},"loc":{"start":{"line":51,"column":12},"end":{"line":53,"column":5}},"line":51},"5":{"name":"(anonymous_5)","decl":{"start":{"line":56,"column":12},"end":{"line":56,"column":13}},"loc":{"start":{"line":56,"column":18},"end":{"line":70,"column":3}},"line":56},"6":{"name":"(anonymous_6)","decl":{"start":{"line":61,"column":6},"end":{"line":61,"column":7}},"loc":{"start":{"line":61,"column":32},"end":{"line":64,"column":7}},"line":61},"7":{"name":"(anonymous_7)","decl":{"start":{"line":65,"column":6},"end":{"line":65,"column":7}},"loc":{"start":{"line":65,"column":19},"end":{"line":68,"column":7}},"line":65},"8":{"name":"(anonymous_8)","decl":{"start":{"line":87,"column":22},"end":{"line":87,"column":23}},"loc":{"start":{"line":87,"column":31},"end":{"line":89,"column":9}},"line":87}},"branchMap":{"0":{"loc":{"start":{"line":29,"column":16},"end":{"line":29,"column":35}},"type":"default-arg","locations":[{"start":{"line":29,"column":33},"end":{"line":29,"column":35}}],"line":29},"1":{"loc":{"start":{"line":77,"column":15},"end":{"line":77,"column":60}},"type":"cond-expr","locations":[{"start":{"line":77,"column":39},"end":{"line":77,"column":48}},{"start":{"line":77,"column":51},"end":{"line":77,"column":60}}],"line":77},"2":{"loc":{"start":{"line":77,"column":15},"end":{"line":77,"column":36}},"type":"binary-expr","locations":[{"start":{"line":77,"column":15},"end":{"line":77,"column":24}},{"start":{"line":77,"column":28},"end":{"line":77,"column":36}}],"line":77}},"s":{"0":0,"1":0,"2":0,"3":0,"4":0,"5":0,"6":0,"7":0,"8":0,"9":0,"10":0,"11":0,"12":0,"13":0,"14":0,"15":0,"16":0,"17":0,"18":0,"19":0,"20":0,"21":0},"f":{"0":0,"1":0,"2":0,"3":0,"4":0,"5":0,"6":0,"7":0,"8":0},"b":{"0":[0],"1":[0,0],"2":[0,0]}}
,"/home/vader/public_html/goStack/level-05/appgobarber/src/hooks/auth.tsx": {"path":"/home/vader/public_html/goStack/level-05/appgobarber/src/hooks/auth.tsx","statementMap":{"0":{"start":{"line":36,"column":20},"end":{"line":36,"column":73}},"1":{"start":{"line":38,"column":31},"end":{"line":102,"column":1}},"2":{"start":{"line":39,"column":26},"end":{"line":39,"column":62}},"3":{"start":{"line":40,"column":32},"end":{"line":40,"column":46}},"4":{"start":{"line":42,"column":2},"end":{"line":59,"column":9}},"5":{"start":{"line":44,"column":28},"end":{"line":47,"column":8}},"6":{"start":{"line":49,"column":6},"end":{"line":53,"column":7}},"7":{"start":{"line":50,"column":8},"end":{"line":50,"column":66}},"8":{"start":{"line":52,"column":8},"end":{"line":52,"column":64}},"9":{"start":{"line":55,"column":6},"end":{"line":55,"column":24}},"10":{"start":{"line":58,"column":4},"end":{"line":58,"column":22}},"11":{"start":{"line":61,"column":17},"end":{"line":77,"column":8}},"12":{"start":{"line":62,"column":21},"end":{"line":65,"column":6}},"13":{"start":{"line":67,"column":28},"end":{"line":67,"column":41}},"14":{"start":{"line":69,"column":4},"end":{"line":72,"column":7}},"15":{"start":{"line":74,"column":4},"end":{"line":74,"column":59}},"16":{"start":{"line":76,"column":4},"end":{"line":76,"column":26}},"17":{"start":{"line":79,"column":18},"end":{"line":83,"column":8}},"18":{"start":{"line":80,"column":4},"end":{"line":80,"column":76}},"19":{"start":{"line":82,"column":4},"end":{"line":82,"column":29}},"20":{"start":{"line":85,"column":21},"end":{"line":95,"column":3}},"21":{"start":{"line":87,"column":5},"end":{"line":87,"column":73}},"22":{"start":{"line":89,"column":6},"end":{"line":92,"column":9}},"23":{"start":{"line":97,"column":2},"end":{"line":101,"column":4}},"24":{"start":{"line":105,"column":18},"end":{"line":105,"column":41}},"25":{"start":{"line":107,"column":2},"end":{"line":109,"column":3}},"26":{"start":{"line":108,"column":4},"end":{"line":108,"column":67}},"27":{"start":{"line":111,"column":2},"end":{"line":111,"column":17}}},"fnMap":{"0":{"name":"(anonymous_0)","decl":{"start":{"line":38,"column":31},"end":{"line":38,"column":32}},"loc":{"start":{"line":38,"column":49},"end":{"line":102,"column":1}},"line":38},"1":{"name":"(anonymous_1)","decl":{"start":{"line":42,"column":12},"end":{"line":42,"column":13}},"loc":{"start":{"line":42,"column":18},"end":{"line":59,"column":3}},"line":42},"2":{"name":"loadStorageData","decl":{"start":{"line":43,"column":19},"end":{"line":43,"column":34}},"loc":{"start":{"line":43,"column":52},"end":{"line":56,"column":5}},"line":43},"3":{"name":"(anonymous_3)","decl":{"start":{"line":61,"column":29},"end":{"line":61,"column":30}},"loc":{"start":{"line":61,"column":60},"end":{"line":77,"column":3}},"line":61},"4":{"name":"(anonymous_4)","decl":{"start":{"line":79,"column":30},"end":{"line":79,"column":31}},"loc":{"start":{"line":79,"column":42},"end":{"line":83,"column":3}},"line":79},"5":{"name":"(anonymous_5)","decl":{"start":{"line":86,"column":4},"end":{"line":86,"column":5}},"loc":{"start":{"line":86,"column":26},"end":{"line":93,"column":5}},"line":86},"6":{"name":"useAuth","decl":{"start":{"line":104,"column":9},"end":{"line":104,"column":16}},"loc":{"start":{"line":104,"column":36},"end":{"line":112,"column":1}},"line":104}},"branchMap":{"0":{"loc":{"start":{"line":49,"column":6},"end":{"line":53,"column":7}},"type":"if","locations":[{"start":{"line":49,"column":6},"end":{"line":53,"column":7}},{"start":{"line":49,"column":6},"end":{"line":53,"column":7}}],"line":49},"1":{"loc":{"start":{"line":49,"column":10},"end":{"line":49,"column":29}},"type":"binary-expr","locations":[{"start":{"line":49,"column":10},"end":{"line":49,"column":18}},{"start":{"line":49,"column":22},"end":{"line":49,"column":29}}],"line":49},"2":{"loc":{"start":{"line":107,"column":2},"end":{"line":109,"column":3}},"type":"if","locations":[{"start":{"line":107,"column":2},"end":{"line":109,"column":3}},{"start":{"line":107,"column":2},"end":{"line":109,"column":3}}],"line":107}},"s":{"0":0,"1":0,"2":0,"3":0,"4":0,"5":0,"6":0,"7":0,"8":0,"9":0,"10":0,"11":0,"12":0,"13":0,"14":0,"15":0,"16":0,"17":0,"18":0,"19":0,"20":0,"21":0,"22":0,"23":0,"24":0,"25":0,"26":0,"27":0},"f":{"0":0,"1":0,"2":0,"3":0,"4":0,"5":0,"6":0},"b":{"0":[0,0],"1":[0,0],"2":[0,0]}}
,"/home/vader/public_html/goStack/level-05/appgobarber/src/pages/AppointmentCreated/index.tsx": {"path":"/home/vader/public_html/goStack/level-05/appgobarber/src/pages/AppointmentCreated/index.tsx","statementMap":{"0":{"start":{"line":13,"column":37},"end":{"line":46,"column":1}},"1":{"start":{"line":14,"column":20},"end":{"line":14,"column":35}},"2":{"start":{"line":15,"column":21},"end":{"line":15,"column":31}},"3":{"start":{"line":17,"column":23},"end":{"line":17,"column":44}},"4":{"start":{"line":19,"column":26},"end":{"line":24,"column":13}},"5":{"start":{"line":20,"column":4},"end":{"line":23,"column":7}},"6":{"start":{"line":26,"column":24},"end":{"line":31,"column":25}},"7":{"start":{"line":27,"column":4},"end":{"line":30,"column":23}},"8":{"start":{"line":33,"column":2},"end":{"line":45,"column":4}}},"fnMap":{"0":{"name":"(anonymous_0)","decl":{"start":{"line":13,"column":37},"end":{"line":13,"column":38}},"loc":{"start":{"line":13,"column":43},"end":{"line":46,"column":1}},"line":13},"1":{"name":"(anonymous_1)","decl":{"start":{"line":19,"column":38},"end":{"line":19,"column":39}},"loc":{"start":{"line":19,"column":44},"end":{"line":24,"column":3}},"line":19},"2":{"name":"(anonymous_2)","decl":{"start":{"line":26,"column":32},"end":{"line":26,"column":33}},"loc":{"start":{"line":26,"column":38},"end":{"line":31,"column":3}},"line":26}},"branchMap":{},"s":{"0":0,"1":0,"2":0,"3":0,"4":0,"5":0,"6":0,"7":0,"8":0},"f":{"0":0,"1":0,"2":0},"b":{}}
,"/home/vader/public_html/goStack/level-05/appgobarber/src/pages/CreateAppointment/index.tsx": {"path":"/home/vader/public_html/goStack/level-05/appgobarber/src/pages/CreateAppointment/index.tsx","statementMap":{"0":{"start":{"line":29,"column":36},"end":{"line":234,"column":1}},"1":{"start":{"line":30,"column":19},"end":{"line":30,"column":28}},"2":{"start":{"line":31,"column":16},"end":{"line":31,"column":26}},"3":{"start":{"line":32,"column":31},"end":{"line":32,"column":46}},"4":{"start":{"line":34,"column":23},"end":{"line":34,"column":50}},"5":{"start":{"line":36,"column":42},"end":{"line":36,"column":74}},"6":{"start":{"line":37,"column":46},"end":{"line":37,"column":61}},"7":{"start":{"line":38,"column":38},"end":{"line":38,"column":58}},"8":{"start":{"line":39,"column":38},"end":{"line":39,"column":49}},"9":{"start":{"line":40,"column":36},"end":{"line":40,"column":60}},"10":{"start":{"line":41,"column":50},"end":{"line":41,"column":83}},"11":{"start":{"line":43,"column":2},"end":{"line":47,"column":9}},"12":{"start":{"line":44,"column":4},"end":{"line":46,"column":7}},"13":{"start":{"line":45,"column":6},"end":{"line":45,"column":34}},"14":{"start":{"line":49,"column":2},"end":{"line":59,"column":37}},"15":{"start":{"line":50,"column":4},"end":{"line":58,"column":6}},"16":{"start":{"line":57,"column":6},"end":{"line":57,"column":37}},"17":{"start":{"line":61,"column":23},"end":{"line":63,"column":14}},"18":{"start":{"line":62,"column":4},"end":{"line":62,"column":13}},"19":{"start":{"line":65,"column":31},"end":{"line":67,"column":8}},"20":{"start":{"line":66,"column":4},"end":{"line":66,"column":36}},"21":{"start":{"line":69,"column":33},"end":{"line":71,"column":8}},"22":{"start":{"line":70,"column":4},"end":{"line":70,"column":39}},"23":{"start":{"line":70,"column":31},"end":{"line":70,"column":37}},"24":{"start":{"line":73,"column":27},"end":{"line":81,"column":7}},"25":{"start":{"line":75,"column":4},"end":{"line":77,"column":5}},"26":{"start":{"line":76,"column":6},"end":{"line":76,"column":31}},"27":{"start":{"line":78,"column":4},"end":{"line":80,"column":5}},"28":{"start":{"line":79,"column":6},"end":{"line":79,"column":26}},"29":{"start":{"line":83,"column":27},"end":{"line":85,"column":8}},"30":{"start":{"line":84,"column":4},"end":{"line":84,"column":24}},"31":{"start":{"line":87,"column":34},"end":{"line":106,"column":58}},"32":{"start":{"line":88,"column":4},"end":{"line":105,"column":5}},"33":{"start":{"line":89,"column":19},"end":{"line":89,"column":39}},"34":{"start":{"line":91,"column":6},"end":{"line":92,"column":25}},"35":{"start":{"line":94,"column":6},"end":{"line":97,"column":9}},"36":{"start":{"line":99,"column":6},"end":{"line":99,"column":63}},"37":{"start":{"line":101,"column":6},"end":{"line":104,"column":7}},"38":{"start":{"line":108,"column":30},"end":{"line":117,"column":20}},"39":{"start":{"line":109,"column":4},"end":{"line":116,"column":8}},"40":{"start":{"line":109,"column":45},"end":{"line":109,"column":54}},"41":{"start":{"line":111,"column":8},"end":{"line":115,"column":9}},"42":{"start":{"line":119,"column":32},"end":{"line":128,"column":20}},"43":{"start":{"line":120,"column":4},"end":{"line":127,"column":8}},"44":{"start":{"line":120,"column":45},"end":{"line":120,"column":55}},"45":{"start":{"line":122,"column":8},"end":{"line":126,"column":9}},"46":{"start":{"line":131,"column":2},"end":{"line":233,"column":4}},"47":{"start":{"line":150,"column":36},"end":{"line":150,"column":47}},"48":{"start":{"line":152,"column":11},"end":{"line":160,"column":31}},"49":{"start":{"line":153,"column":27},"end":{"line":153,"column":60}},"50":{"start":{"line":188,"column":18},"end":{"line":199,"column":25}},"51":{"start":{"line":193,"column":35},"end":{"line":193,"column":57}},"52":{"start":{"line":210,"column":18},"end":{"line":221,"column":25}},"53":{"start":{"line":215,"column":35},"end":{"line":215,"column":57}}},"fnMap":{"0":{"name":"(anonymous_0)","decl":{"start":{"line":29,"column":36},"end":{"line":29,"column":37}},"loc":{"start":{"line":29,"column":42},"end":{"line":234,"column":1}},"line":29},"1":{"name":"(anonymous_1)","decl":{"start":{"line":43,"column":12},"end":{"line":43,"column":13}},"loc":{"start":{"line":43,"column":18},"end":{"line":47,"column":3}},"line":43},"2":{"name":"(anonymous_2)","decl":{"start":{"line":44,"column":30},"end":{"line":44,"column":31}},"loc":{"start":{"line":44,"column":42},"end":{"line":46,"column":5}},"line":44},"3":{"name":"(anonymous_3)","decl":{"start":{"line":49,"column":12},"end":{"line":49,"column":13}},"loc":{"start":{"line":49,"column":18},"end":{"line":59,"column":3}},"line":49},"4":{"name":"(anonymous_4)","decl":{"start":{"line":56,"column":12},"end":{"line":56,"column":13}},"loc":{"start":{"line":56,"column":24},"end":{"line":58,"column":5}},"line":56},"5":{"name":"(anonymous_5)","decl":{"start":{"line":61,"column":35},"end":{"line":61,"column":36}},"loc":{"start":{"line":61,"column":41},"end":{"line":63,"column":3}},"line":61},"6":{"name":"(anonymous_6)","decl":{"start":{"line":65,"column":43},"end":{"line":65,"column":44}},"loc":{"start":{"line":65,"column":67},"end":{"line":67,"column":3}},"line":65},"7":{"name":"(anonymous_7)","decl":{"start":{"line":69,"column":45},"end":{"line":69,"column":46}},"loc":{"start":{"line":69,"column":51},"end":{"line":71,"column":3}},"line":69},"8":{"name":"(anonymous_8)","decl":{"start":{"line":70,"column":22},"end":{"line":70,"column":23}},"loc":{"start":{"line":70,"column":31},"end":{"line":70,"column":37}},"line":70},"9":{"name":"(anonymous_9)","decl":{"start":{"line":74,"column":4},"end":{"line":74,"column":5}},"loc":{"start":{"line":74,"column":45},"end":{"line":81,"column":3}},"line":74},"10":{"name":"(anonymous_10)","decl":{"start":{"line":83,"column":39},"end":{"line":83,"column":40}},"loc":{"start":{"line":83,"column":57},"end":{"line":85,"column":3}},"line":83},"11":{"name":"(anonymous_11)","decl":{"start":{"line":87,"column":47},"end":{"line":87,"column":48}},"loc":{"start":{"line":87,"column":59},"end":{"line":106,"column":3}},"line":87},"12":{"name":"(anonymous_12)","decl":{"start":{"line":108,"column":38},"end":{"line":108,"column":39}},"loc":{"start":{"line":108,"column":44},"end":{"line":117,"column":3}},"line":108},"13":{"name":"(anonymous_13)","decl":{"start":{"line":109,"column":31},"end":{"line":109,"column":32}},"loc":{"start":{"line":109,"column":45},"end":{"line":109,"column":54}},"line":109},"14":{"name":"(anonymous_14)","decl":{"start":{"line":110,"column":10},"end":{"line":110,"column":11}},"loc":{"start":{"line":110,"column":33},"end":{"line":116,"column":7}},"line":110},"15":{"name":"(anonymous_15)","decl":{"start":{"line":119,"column":40},"end":{"line":119,"column":41}},"loc":{"start":{"line":119,"column":46},"end":{"line":128,"column":3}},"line":119},"16":{"name":"(anonymous_16)","decl":{"start":{"line":120,"column":31},"end":{"line":120,"column":32}},"loc":{"start":{"line":120,"column":45},"end":{"line":120,"column":55}},"line":120},"17":{"name":"(anonymous_17)","decl":{"start":{"line":121,"column":10},"end":{"line":121,"column":11}},"loc":{"start":{"line":121,"column":33},"end":{"line":127,"column":7}},"line":121},"18":{"name":"(anonymous_18)","decl":{"start":{"line":150,"column":24},"end":{"line":150,"column":25}},"loc":{"start":{"line":150,"column":36},"end":{"line":150,"column":47}},"line":150},"19":{"name":"(anonymous_19)","decl":{"start":{"line":151,"column":22},"end":{"line":151,"column":23}},"loc":{"start":{"line":152,"column":11},"end":{"line":160,"column":31}},"line":152},"20":{"name":"(anonymous_20)","decl":{"start":{"line":153,"column":21},"end":{"line":153,"column":22}},"loc":{"start":{"line":153,"column":27},"end":{"line":153,"column":60}},"line":153},"21":{"name":"(anonymous_21)","decl":{"start":{"line":187,"column":41},"end":{"line":187,"column":42}},"loc":{"start":{"line":188,"column":18},"end":{"line":199,"column":25}},"line":188},"22":{"name":"(anonymous_22)","decl":{"start":{"line":193,"column":29},"end":{"line":193,"column":30}},"loc":{"start":{"line":193,"column":35},"end":{"line":193,"column":57}},"line":193},"23":{"name":"(anonymous_23)","decl":{"start":{"line":209,"column":45},"end":{"line":209,"column":46}},"loc":{"start":{"line":210,"column":18},"end":{"line":221,"column":25}},"line":210},"24":{"name":"(anonymous_24)","decl":{"start":{"line":215,"column":29},"end":{"line":215,"column":30}},"loc":{"start":{"line":215,"column":35},"end":{"line":215,"column":57}},"line":215}},"branchMap":{"0":{"loc":{"start":{"line":75,"column":4},"end":{"line":77,"column":5}},"type":"if","locations":[{"start":{"line":75,"column":4},"end":{"line":77,"column":5}},{"start":{"line":75,"column":4},"end":{"line":77,"column":5}}],"line":75},"1":{"loc":{"start":{"line":78,"column":4},"end":{"line":80,"column":5}},"type":"if","locations":[{"start":{"line":78,"column":4},"end":{"line":80,"column":5}},{"start":{"line":78,"column":4},"end":{"line":80,"column":5}}],"line":78},"2":{"loc":{"start":{"line":172,"column":15},"end":{"line":177,"column":16}},"type":"binary-expr","locations":[{"start":{"line":172,"column":15},"end":{"line":172,"column":29}},{"start":{"line":172,"column":33},"end":{"line":177,"column":16}}],"line":172}},"s":{"0":0,"1":0,"2":0,"3":0,"4":0,"5":0,"6":0,"7":0,"8":0,"9":0,"10":0,"11":0,"12":0,"13":0,"14":0,"15":0,"16":0,"17":0,"18":0,"19":0,"20":0,"21":0,"22":0,"23":0,"24":0,"25":0,"26":0,"27":0,"28":0,"29":0,"30":0,"31":0,"32":0,"33":0,"34":0,"35":0,"36":0,"37":0,"38":0,"39":0,"40":0,"41":0,"42":0,"43":0,"44":0,"45":0,"46":0,"47":0,"48":0,"49":0,"50":0,"51":0,"52":0,"53":0},"f":{"0":0,"1":0,"2":0,"3":0,"4":0,"5":0,"6":0,"7":0,"8":0,"9":0,"10":0,"11":0,"12":0,"13":0,"14":0,"15":0,"16":0,"17":0,"18":0,"19":0,"20":0,"21":0,"22":0,"23":0,"24":0},"b":{"0":[0,0],"1":[0,0],"2":[0,0]}}
,"/home/vader/public_html/goStack/level-05/appgobarber/src/pages/Dashboard/index.tsx": {"path":"/home/vader/public_html/goStack/level-05/appgobarber/src/pages/Dashboard/index.tsx","statementMap":{"0":{"start":{"line":18,"column":28},"end":{"line":80,"column":1}},"1":{"start":{"line":19,"column":36},"end":{"line":19,"column":60}},"2":{"start":{"line":21,"column":19},"end":{"line":21,"column":28}},"3":{"start":{"line":22,"column":23},"end":{"line":22,"column":38}},"4":{"start":{"line":24,"column":2},"end":{"line":28,"column":9}},"5":{"start":{"line":25,"column":4},"end":{"line":27,"column":7}},"6":{"start":{"line":26,"column":6},"end":{"line":26,"column":34}},"7":{"start":{"line":30,"column":28},"end":{"line":32,"column":16}},"8":{"start":{"line":31,"column":4},"end":{"line":31,"column":24}},"9":{"start":{"line":34,"column":38},"end":{"line":36,"column":16}},"10":{"start":{"line":35,"column":4},"end":{"line":35,"column":50}},"11":{"start":{"line":38,"column":2},"end":{"line":79,"column":4}},"12":{"start":{"line":54,"column":36},"end":{"line":54,"column":47}},"13":{"start":{"line":59,"column":10},"end":{"line":75,"column":30}},"14":{"start":{"line":59,"column":44},"end":{"line":59,"column":84}}},"fnMap":{"0":{"name":"(anonymous_0)","decl":{"start":{"line":18,"column":28},"end":{"line":18,"column":29}},"loc":{"start":{"line":18,"column":34},"end":{"line":80,"column":1}},"line":18},"1":{"name":"(anonymous_1)","decl":{"start":{"line":24,"column":12},"end":{"line":24,"column":13}},"loc":{"start":{"line":24,"column":18},"end":{"line":28,"column":3}},"line":24},"2":{"name":"(anonymous_2)","decl":{"start":{"line":25,"column":30},"end":{"line":25,"column":31}},"loc":{"start":{"line":25,"column":42},"end":{"line":27,"column":5}},"line":25},"3":{"name":"(anonymous_3)","decl":{"start":{"line":30,"column":40},"end":{"line":30,"column":41}},"loc":{"start":{"line":30,"column":46},"end":{"line":32,"column":3}},"line":30},"4":{"name":"(anonymous_4)","decl":{"start":{"line":34,"column":50},"end":{"line":34,"column":51}},"loc":{"start":{"line":34,"column":74},"end":{"line":36,"column":3}},"line":34},"5":{"name":"(anonymous_5)","decl":{"start":{"line":54,"column":22},"end":{"line":54,"column":23}},"loc":{"start":{"line":54,"column":36},"end":{"line":54,"column":47}},"line":54},"6":{"name":"(anonymous_6)","decl":{"start":{"line":58,"column":20},"end":{"line":58,"column":21}},"loc":{"start":{"line":59,"column":10},"end":{"line":75,"column":30}},"line":59},"7":{"name":"(anonymous_7)","decl":{"start":{"line":59,"column":38},"end":{"line":59,"column":39}},"loc":{"start":{"line":59,"column":44},"end":{"line":59,"column":84}},"line":59}},"branchMap":{},"s":{"0":0,"1":0,"2":0,"3":0,"4":0,"5":0,"6":0,"7":0,"8":0,"9":0,"10":0,"11":0,"12":0,"13":0,"14":0},"f":{"0":0,"1":0,"2":0,"3":0,"4":0,"5":0,"6":0,"7":0},"b":{}}
,"/home/vader/public_html/goStack/level-05/appgobarber/src/pages/Profile/index.tsx": {"path":"/home/vader/public_html/goStack/level-05/appgobarber/src/pages/Profile/index.tsx","statementMap":{"0":{"start":{"line":36,"column":26},"end":{"line":263,"column":1}},"1":{"start":{"line":37,"column":40},"end":{"line":37,"column":49}},"2":{"start":{"line":39,"column":18},"end":{"line":39,"column":43}},"3":{"start":{"line":40,"column":21},"end":{"line":40,"column":36}},"4":{"start":{"line":42,"column":24},"end":{"line":42,"column":47}},"5":{"start":{"line":43,"column":30},"end":{"line":43,"column":53}},"6":{"start":{"line":44,"column":27},"end":{"line":44,"column":50}},"7":{"start":{"line":45,"column":34},"end":{"line":45,"column":57}},"8":{"start":{"line":47,"column":28},"end":{"line":115,"column":3}},"9":{"start":{"line":49,"column":6},"end":{"line":112,"column":7}},"10":{"start":{"line":50,"column":8},"end":{"line":50,"column":39}},"11":{"start":{"line":52,"column":23},"end":{"line":75,"column":10}},"12":{"start":{"line":60,"column":23},"end":{"line":60,"column":35}},"13":{"start":{"line":67,"column":25},"end":{"line":67,"column":37}},"14":{"start":{"line":77,"column":8},"end":{"line":79,"column":11}},"15":{"start":{"line":81,"column":25},"end":{"line":91,"column":9}},"16":{"start":{"line":93,"column":25},"end":{"line":93,"column":60}},"17":{"start":{"line":95,"column":8},"end":{"line":95,"column":34}},"18":{"start":{"line":97,"column":8},"end":{"line":97,"column":54}},"19":{"start":{"line":99,"column":8},"end":{"line":99,"column":28}},"20":{"start":{"line":101,"column":8},"end":{"line":107,"column":9}},"21":{"start":{"line":102,"column":25},"end":{"line":102,"column":49}},"22":{"start":{"line":104,"column":10},"end":{"line":104,"column":45}},"23":{"start":{"line":106,"column":10},"end":{"line":106,"column":17}},"24":{"start":{"line":108,"column":8},"end":{"line":111,"column":10}},"25":{"start":{"line":117,"column":29},"end":{"line":145,"column":27}},"26":{"start":{"line":118,"column":4},"end":{"line":144,"column":7}},"27":{"start":{"line":124,"column":6},"end":{"line":126,"column":7}},"28":{"start":{"line":125,"column":8},"end":{"line":125,"column":15}},"29":{"start":{"line":128,"column":6},"end":{"line":131,"column":7}},"30":{"start":{"line":129,"column":8},"end":{"line":129,"column":52}},"31":{"start":{"line":130,"column":8},"end":{"line":130,"column":15}},"32":{"start":{"line":133,"column":21},"end":{"line":133,"column":35}},"33":{"start":{"line":135,"column":8},"end":{"line":139,"column":11}},"34":{"start":{"line":141,"column":8},"end":{"line":143,"column":11}},"35":{"start":{"line":142,"column":10},"end":{"line":142,"column":39}},"36":{"start":{"line":148,"column":23},"end":{"line":150,"column":18}},"37":{"start":{"line":149,"column":4},"end":{"line":149,"column":24}},"38":{"start":{"line":152,"column":24},"end":{"line":154,"column":15}},"39":{"start":{"line":153,"column":4},"end":{"line":153,"column":14}},"40":{"start":{"line":156,"column":2},"end":{"line":262,"column":4}},"41":{"start":{"line":193,"column":18},"end":{"line":193,"column":49}},"42":{"start":{"line":206,"column":18},"end":{"line":206,"column":52}},"43":{"start":{"line":219,"column":18},"end":{"line":219,"column":52}},"44":{"start":{"line":232,"column":17},"end":{"line":232,"column":58}},"45":{"start":{"line":245,"column":18},"end":{"line":245,"column":48}},"46":{"start":{"line":251,"column":18},"end":{"line":251,"column":48}}},"fnMap":{"0":{"name":"(anonymous_0)","decl":{"start":{"line":36,"column":26},"end":{"line":36,"column":27}},"loc":{"start":{"line":36,"column":32},"end":{"line":263,"column":1}},"line":36},"1":{"name":"(anonymous_1)","decl":{"start":{"line":48,"column":4},"end":{"line":48,"column":5}},"loc":{"start":{"line":48,"column":37},"end":{"line":113,"column":5}},"line":48},"2":{"name":"(anonymous_2)","decl":{"start":{"line":60,"column":16},"end":{"line":60,"column":17}},"loc":{"start":{"line":60,"column":23},"end":{"line":60,"column":35}},"line":60},"3":{"name":"(anonymous_3)","decl":{"start":{"line":67,"column":18},"end":{"line":67,"column":19}},"loc":{"start":{"line":67,"column":25},"end":{"line":67,"column":37}},"line":67},"4":{"name":"(anonymous_4)","decl":{"start":{"line":117,"column":41},"end":{"line":117,"column":42}},"loc":{"start":{"line":117,"column":47},"end":{"line":145,"column":3}},"line":117},"5":{"name":"(anonymous_5)","decl":{"start":{"line":123,"column":7},"end":{"line":123,"column":8}},"loc":{"start":{"line":123,"column":19},"end":{"line":144,"column":5}},"line":123},"6":{"name":"(anonymous_6)","decl":{"start":{"line":141,"column":46},"end":{"line":141,"column":47}},"loc":{"start":{"line":141,"column":61},"end":{"line":143,"column":9}},"line":141},"7":{"name":"(anonymous_7)","decl":{"start":{"line":148,"column":35},"end":{"line":148,"column":36}},"loc":{"start":{"line":148,"column":41},"end":{"line":150,"column":3}},"line":148},"8":{"name":"(anonymous_8)","decl":{"start":{"line":152,"column":36},"end":{"line":152,"column":37}},"loc":{"start":{"line":152,"column":42},"end":{"line":154,"column":3}},"line":152},"9":{"name":"(anonymous_9)","decl":{"start":{"line":192,"column":33},"end":{"line":192,"column":34}},"loc":{"start":{"line":192,"column":39},"end":{"line":194,"column":17}},"line":192},"10":{"name":"(anonymous_10)","decl":{"start":{"line":205,"column":33},"end":{"line":205,"column":34}},"loc":{"start":{"line":205,"column":39},"end":{"line":207,"column":17}},"line":205},"11":{"name":"(anonymous_11)","decl":{"start":{"line":218,"column":33},"end":{"line":218,"column":34}},"loc":{"start":{"line":218,"column":39},"end":{"line":220,"column":17}},"line":218},"12":{"name":"(anonymous_12)","decl":{"start":{"line":231,"column":33},"end":{"line":231,"column":34}},"loc":{"start":{"line":231,"column":39},"end":{"line":233,"column":17}},"line":231},"13":{"name":"(anonymous_13)","decl":{"start":{"line":244,"column":33},"end":{"line":244,"column":34}},"loc":{"start":{"line":244,"column":39},"end":{"line":246,"column":17}},"line":244},"14":{"name":"(anonymous_14)","decl":{"start":{"line":250,"column":25},"end":{"line":250,"column":26}},"loc":{"start":{"line":250,"column":31},"end":{"line":252,"column":17}},"line":250}},"branchMap":{"0":{"loc":{"start":{"line":84,"column":14},"end":{"line":90,"column":16}},"type":"cond-expr","locations":[{"start":{"line":85,"column":14},"end":{"line":89,"column":15}},{"start":{"line":90,"column":14},"end":{"line":90,"column":16}}],"line":84},"1":{"loc":{"start":{"line":101,"column":8},"end":{"line":107,"column":9}},"type":"if","locations":[{"start":{"line":101,"column":8},"end":{"line":107,"column":9}},{"start":{"line":101,"column":8},"end":{"line":107,"column":9}}],"line":101},"2":{"loc":{"start":{"line":124,"column":6},"end":{"line":126,"column":7}},"type":"if","locations":[{"start":{"line":124,"column":6},"end":{"line":126,"column":7}},{"start":{"line":124,"column":6},"end":{"line":126,"column":7}}],"line":124},"3":{"loc":{"start":{"line":128,"column":6},"end":{"line":131,"column":7}},"type":"if","locations":[{"start":{"line":128,"column":6},"end":{"line":131,"column":7}},{"start":{"line":128,"column":6},"end":{"line":131,"column":7}}],"line":128},"4":{"loc":{"start":{"line":160,"column":18},"end":{"line":160,"column":63}},"type":"cond-expr","locations":[{"start":{"line":160,"column":42},"end":{"line":160,"column":51}},{"start":{"line":160,"column":54},"end":{"line":160,"column":63}}],"line":160}},"s":{"0":0,"1":0,"2":0,"3":0,"4":0,"5":0,"6":0,"7":0,"8":0,"9":0,"10":0,"11":0,"12":0,"13":0,"14":0,"15":0,"16":0,"17":0,"18":0,"19":0,"20":0,"21":0,"22":0,"23":0,"24":0,"25":0,"26":0,"27":0,"28":0,"29":0,"30":0,"31":0,"32":0,"33":0,"34":0,"35":0,"36":0,"37":0,"38":0,"39":0,"40":0,"41":0,"42":0,"43":0,"44":0,"45":0,"46":0},"f":{"0":0,"1":0,"2":0,"3":0,"4":0,"5":0,"6":0,"7":0,"8":0,"9":0,"10":0,"11":0,"12":0,"13":0,"14":0},"b":{"0":[0,0],"1":[0,0],"2":[0,0],"3":[0,0],"4":[0,0]}}
,"/home/vader/public_html/goStack/level-05/appgobarber/src/pages/SignIn/index.tsx": {"path":"/home/vader/public_html/goStack/level-05/appgobarber/src/pages/SignIn/index.tsx","statementMap":{"0":{"start":{"line":41,"column":25},"end":{"line":152,"column":1}},"1":{"start":{"line":42,"column":18},"end":{"line":42,"column":43}},"2":{"start":{"line":43,"column":27},"end":{"line":43,"column":50}},"3":{"start":{"line":45,"column":21},"end":{"line":45,"column":36}},"4":{"start":{"line":47,"column":21},"end":{"line":47,"column":30}},"5":{"start":{"line":49,"column":23},"end":{"line":84,"column":3}},"6":{"start":{"line":51,"column":6},"end":{"line":81,"column":7}},"7":{"start":{"line":52,"column":8},"end":{"line":52,"column":39}},"8":{"start":{"line":54,"column":23},"end":{"line":59,"column":10}},"9":{"start":{"line":61,"column":8},"end":{"line":63,"column":11}},"10":{"start":{"line":65,"column":8},"end":{"line":68,"column":11}},"11":{"start":{"line":70,"column":8},"end":{"line":76,"column":9}},"12":{"start":{"line":71,"column":25},"end":{"line":71,"column":49}},"13":{"start":{"line":73,"column":10},"end":{"line":73,"column":45}},"14":{"start":{"line":75,"column":10},"end":{"line":75,"column":17}},"15":{"start":{"line":77,"column":8},"end":{"line":80,"column":10}},"16":{"start":{"line":86,"column":2},"end":{"line":151,"column":4}},"17":{"start":{"line":114,"column":18},"end":{"line":114,"column":52}},"18":{"start":{"line":126,"column":18},"end":{"line":126,"column":48}},"19":{"start":{"line":132,"column":18},"end":{"line":132,"column":48}},"20":{"start":{"line":146,"column":42},"end":{"line":146,"column":71}}},"fnMap":{"0":{"name":"(anonymous_0)","decl":{"start":{"line":41,"column":25},"end":{"line":41,"column":26}},"loc":{"start":{"line":41,"column":31},"end":{"line":152,"column":1}},"line":41},"1":{"name":"(anonymous_1)","decl":{"start":{"line":50,"column":4},"end":{"line":50,"column":5}},"loc":{"start":{"line":50,"column":36},"end":{"line":82,"column":5}},"line":50},"2":{"name":"(anonymous_2)","decl":{"start":{"line":113,"column":33},"end":{"line":113,"column":34}},"loc":{"start":{"line":113,"column":39},"end":{"line":115,"column":17}},"line":113},"3":{"name":"(anonymous_3)","decl":{"start":{"line":125,"column":33},"end":{"line":125,"column":34}},"loc":{"start":{"line":125,"column":39},"end":{"line":127,"column":17}},"line":125},"4":{"name":"(anonymous_4)","decl":{"start":{"line":131,"column":25},"end":{"line":131,"column":26}},"loc":{"start":{"line":131,"column":31},"end":{"line":133,"column":17}},"line":131},"5":{"name":"(anonymous_5)","decl":{"start":{"line":139,"column":37},"end":{"line":139,"column":38}},"loc":{"start":{"line":139,"column":43},"end":{"line":139,"column":45}},"line":139},"6":{"name":"(anonymous_6)","decl":{"start":{"line":146,"column":36},"end":{"line":146,"column":37}},"loc":{"start":{"line":146,"column":42},"end":{"line":146,"column":71}},"line":146}},"branchMap":{"0":{"loc":{"start":{"line":70,"column":8},"end":{"line":76,"column":9}},"type":"if","locations":[{"start":{"line":70,"column":8},"end":{"line":76,"column":9}},{"start":{"line":70,"column":8},"end":{"line":76,"column":9}}],"line":70},"1":{"loc":{"start":{"line":90,"column":18},"end":{"line":90,"column":63}},"type":"cond-expr","locations":[{"start":{"line":90,"column":42},"end":{"line":90,"column":51}},{"start":{"line":90,"column":54},"end":{"line":90,"column":63}}],"line":90}},"s":{"0":0,"1":0,"2":0,"3":0,"4":0,"5":0,"6":0,"7":0,"8":0,"9":0,"10":0,"11":0,"12":0,"13":0,"14":0,"15":0,"16":0,"17":0,"18":0,"19":0,"20":0},"f":{"0":0,"1":0,"2":0,"3":0,"4":0,"5":0,"6":0},"b":{"0":[0,0],"1":[0,0]}}
,"/home/vader/public_html/goStack/level-05/appgobarber/src/pages/SignUp/index.tsx": {"path":"/home/vader/public_html/goStack/level-05/appgobarber/src/pages/SignUp/index.tsx","statementMap":{"0":{"start":{"line":33,"column":25},"end":{"line":154,"column":1}},"1":{"start":{"line":34,"column":18},"end":{"line":34,"column":43}},"2":{"start":{"line":35,"column":21},"end":{"line":35,"column":36}},"3":{"start":{"line":37,"column":24},"end":{"line":37,"column":47}},"4":{"start":{"line":38,"column":27},"end":{"line":38,"column":50}},"5":{"start":{"line":40,"column":23},"end":{"line":80,"column":3}},"6":{"start":{"line":42,"column":6},"end":{"line":77,"column":7}},"7":{"start":{"line":43,"column":8},"end":{"line":43,"column":39}},"8":{"start":{"line":45,"column":23},"end":{"line":51,"column":10}},"9":{"start":{"line":53,"column":8},"end":{"line":55,"column":11}},"10":{"start":{"line":57,"column":8},"end":{"line":57,"column":39}},"11":{"start":{"line":59,"column":8},"end":{"line":62,"column":10}},"12":{"start":{"line":64,"column":8},"end":{"line":64,"column":28}},"13":{"start":{"line":66,"column":8},"end":{"line":72,"column":9}},"14":{"start":{"line":67,"column":25},"end":{"line":67,"column":49}},"15":{"start":{"line":69,"column":10},"end":{"line":69,"column":45}},"16":{"start":{"line":71,"column":10},"end":{"line":71,"column":17}},"17":{"start":{"line":73,"column":8},"end":{"line":76,"column":10}},"18":{"start":{"line":82,"column":2},"end":{"line":153,"column":4}},"19":{"start":{"line":107,"column":18},"end":{"line":107,"column":49}},"20":{"start":{"line":120,"column":18},"end":{"line":120,"column":52}},"21":{"start":{"line":132,"column":18},"end":{"line":132,"column":48}},"22":{"start":{"line":138,"column":18},"end":{"line":138,"column":48}},"23":{"start":{"line":148,"column":35},"end":{"line":148,"column":54}}},"fnMap":{"0":{"name":"(anonymous_0)","decl":{"start":{"line":33,"column":25},"end":{"line":33,"column":26}},"loc":{"start":{"line":33,"column":31},"end":{"line":154,"column":1}},"line":33},"1":{"name":"(anonymous_1)","decl":{"start":{"line":41,"column":4},"end":{"line":41,"column":5}},"loc":{"start":{"line":41,"column":36},"end":{"line":78,"column":5}},"line":41},"2":{"name":"(anonymous_2)","decl":{"start":{"line":106,"column":33},"end":{"line":106,"column":34}},"loc":{"start":{"line":106,"column":39},"end":{"line":108,"column":17}},"line":106},"3":{"name":"(anonymous_3)","decl":{"start":{"line":119,"column":33},"end":{"line":119,"column":34}},"loc":{"start":{"line":119,"column":39},"end":{"line":121,"column":17}},"line":119},"4":{"name":"(anonymous_4)","decl":{"start":{"line":131,"column":33},"end":{"line":131,"column":34}},"loc":{"start":{"line":131,"column":39},"end":{"line":133,"column":17}},"line":131},"5":{"name":"(anonymous_5)","decl":{"start":{"line":137,"column":25},"end":{"line":137,"column":26}},"loc":{"start":{"line":137,"column":31},"end":{"line":139,"column":17}},"line":137},"6":{"name":"(anonymous_6)","decl":{"start":{"line":148,"column":29},"end":{"line":148,"column":30}},"loc":{"start":{"line":148,"column":35},"end":{"line":148,"column":54}},"line":148}},"branchMap":{"0":{"loc":{"start":{"line":66,"column":8},"end":{"line":72,"column":9}},"type":"if","locations":[{"start":{"line":66,"column":8},"end":{"line":72,"column":9}},{"start":{"line":66,"column":8},"end":{"line":72,"column":9}}],"line":66},"1":{"loc":{"start":{"line":86,"column":18},"end":{"line":86,"column":63}},"type":"cond-expr","locations":[{"start":{"line":86,"column":42},"end":{"line":86,"column":51}},{"start":{"line":86,"column":54},"end":{"line":86,"column":63}}],"line":86}},"s":{"0":0,"1":0,"2":0,"3":0,"4":0,"5":0,"6":0,"7":0,"8":0,"9":0,"10":0,"11":0,"12":0,"13":0,"14":0,"15":0,"16":0,"17":0,"18":0,"19":0,"20":0,"21":0,"22":0,"23":0},"f":{"0":0,"1":0,"2":0,"3":0,"4":0,"5":0,"6":0},"b":{"0":[0,0],"1":[0,0]}}
}
